<?xml version="1.0" encoding="UTF-8"?>
<!-- Generated by org.testng.reporters.JUnitXMLReporter -->
<testsuite hostname="abhishaili" ignored="0" name="Test" tests="3" failures="1" timestamp="05 Jun 2019 16:58:00 GMT" time="49.404" errors="0">
  <testcase name="dropDown" time="1.936" classname="com.ebay.qa.testcases.HomePageTest">
    <failure type="java.lang.AssertionError" message="expected [true] but found [false]">
      <![CDATA[java.lang.AssertionError: expected [true] but found [false]
	at com.ebay.qa.testcases.HomePageTest.dropDown(HomePageTest.java:41)
... Removed 29 stack frames]]>
    </failure>
  </testcase> <!-- dropDown -->
  <testcase name="validateLogo" time="0.107" classname="com.ebay.qa.testcases.LoginPageTest"/>
  <testcase name="validateSignIn" time="4.09" classname="com.ebay.qa.testcases.LoginPageTest"/>
</testsuite> <!-- Test -->
